2022-11-04 17:27:49,929  [INFO]  本次一共收集到24个学习视频...
2022-11-04 17:27:49,930  [INFO]  find:b64caeec0d5362a6ed68
2022-11-04 17:27:49,930  [INFO]  find:c852791a59c3a5eb1fb2
2022-11-04 17:27:49,930  [INFO]  find:24436333e2f3896713a0
2022-11-04 17:27:49,931  [INFO]  find:f4e0ea89a42946c26b3c
2022-11-04 17:27:49,931  [INFO]  find:a984e14d4c7875406855
2022-11-04 17:27:49,931  [INFO]  find:80281878
2022-11-04 17:27:49,931  [INFO]  find:1630703618
2022-11-04 17:27:49,931  [INFO]  find:1346470100
2022-11-04 17:27:49,931  [INFO]  find:bbf025b3f91eaee97b9f
2022-11-04 17:27:49,931  [INFO]  find:e1f36097a7b21f8e39a0
2022-11-04 17:27:49,931  [INFO]  find:d4e7dcd1e959b5cff9d6
2022-11-04 17:27:49,931  [INFO]  find:2681ef98613e9f4f47ff
2022-11-04 17:27:49,931  [INFO]  find:0222d045a7a98ef7e497
2022-11-04 17:27:49,931  [INFO]  find:e253e208ada55c326540
2022-11-04 17:27:49,931  [INFO]  find:c9d509a15aefcb16665f
2022-11-04 17:27:49,931  [INFO]  find:d02912b3356312179fca
2022-11-04 17:27:49,931  [INFO]  find:a0d446b5a63f29cf4542
2022-11-04 17:27:49,931  [INFO]  find:1180016100
2022-11-04 17:27:49,931  [INFO]  find:5e1f77f5ebca358e8f79
2022-11-04 17:27:49,931  [INFO]  find:1ed353f8af2c90689cfe
2022-11-04 17:27:49,931  [INFO]  find:4f70f507f06c48102c17
2022-11-04 17:27:49,931  [INFO]  find:a4bca9dbf558945cfeca
2022-11-04 17:27:49,931  [INFO]  find:bcc7518e106754a9a724
2022-11-04 17:27:49,931  [INFO]  find:e279085bd946d9e51d52
2022-11-04 17:27:50,407  [INFO]  m3u8地址为<source src='https://la2.killcovid2021.com/m3u8/722607/722607.m3u8' type='application/x-mpegURL'>
2022-11-04 17:27:50,882  [INFO]  m3u8地址为<source src='https://la2.killcovid2021.com/m3u8/722785/722785.m3u8' type='application/x-mpegURL'>
2022-11-04 17:27:51,491  [INFO]  m3u8地址为<source src='https://la2.killcovid2021.com/m3u8/723102/723102.m3u8' type='application/x-mpegURL'>
2022-11-04 17:27:52,160  [INFO]  m3u8地址为<source src='https://la2.killcovid2021.com/m3u8/722974/722974.m3u8' type='application/x-mpegURL'>
2022-11-04 17:27:52,465  [INFO]  m3u8地址为<source src='https://la2.killcovid2021.com/m3u8/723046/723046.m3u8' type='application/x-mpegURL'>
2022-11-04 17:27:53,128  [INFO]  m3u8地址为<source src='https://la2.killcovid2021.com/m3u8/722776/722776.m3u8' type='application/x-mpegURL'>
2022-11-04 17:27:53,629  [INFO]  m3u8地址为<source src='https://la2.killcovid2021.com/m3u8/723011/723011.m3u8' type='application/x-mpegURL'>
2022-11-04 17:27:54,397  [INFO]  m3u8地址为<source src='https://la2.killcovid2021.com/m3u8/723118/723118.m3u8' type='application/x-mpegURL'>
2022-11-04 17:27:55,039  [INFO]  m3u8地址为<source src='https://la2.killcovid2021.com/m3u8/722826/722826.m3u8' type='application/x-mpegURL'>
2022-11-04 17:27:55,525  [INFO]  m3u8地址为<source src='https://la2.killcovid2021.com/m3u8/722905/722905.m3u8' type='application/x-mpegURL'>
2022-11-04 17:27:56,175  [INFO]  m3u8地址为<source src='https://la2.killcovid2021.com/m3u8/723038/723038.m3u8' type='application/x-mpegURL'>
2022-11-04 17:27:57,076  [INFO]  m3u8地址为<source src='https://la2.killcovid2021.com/m3u8/722605/722605.m3u8' type='application/x-mpegURL'>
2022-11-04 17:27:57,531  [INFO]  m3u8地址为<source src='https://la2.killcovid2021.com/m3u8/722932/722932.m3u8' type='application/x-mpegURL'>
2022-11-04 17:27:58,013  [INFO]  m3u8地址为<source src='https://la2.killcovid2021.com/m3u8/722664/722664.m3u8' type='application/x-mpegURL'>
2022-11-04 17:27:58,338  [INFO]  m3u8地址为<source src='https://la2.killcovid2021.com/m3u8/722948/722948.m3u8' type='application/x-mpegURL'>
2022-11-04 17:27:58,825  [INFO]  m3u8地址为<source src='https://la2.killcovid2021.com/m3u8/722667/722667.m3u8' type='application/x-mpegURL'>
2022-11-04 17:27:59,301  [INFO]  m3u8地址为<source src='https://la2.killcovid2021.com/m3u8/722654/722654.m3u8' type='application/x-mpegURL'>
2022-11-04 17:27:59,779  [INFO]  m3u8地址为<source src='https://la2.killcovid2021.com/m3u8/722890/722890.m3u8' type='application/x-mpegURL'>
2022-11-04 17:28:00,244  [INFO]  m3u8地址为<source src='https://la2.killcovid2021.com/m3u8/723068/723068.m3u8' type='application/x-mpegURL'>
2022-11-04 17:28:00,705  [INFO]  m3u8地址为<source src='https://la2.killcovid2021.com/m3u8/722832/722832.m3u8' type='application/x-mpegURL'>
2022-11-04 17:28:01,193  [INFO]  m3u8地址为<source src='https://la2.killcovid2021.com/m3u8/723094/723094.m3u8' type='application/x-mpegURL'>
2022-11-04 17:28:01,830  [INFO]  m3u8地址为<source src='https://la2.killcovid2021.com/m3u8/722990/722990.m3u8' type='application/x-mpegURL'>
2022-11-04 17:28:02,311  [INFO]  m3u8地址为<source src='https://la2.killcovid2021.com/m3u8/722987/722987.m3u8' type='application/x-mpegURL'>
2022-11-04 17:28:02,622  [ERROR]  首次获取e279085bd946d9e51d52对应的m3u8地址失败，正在重新获取...
2022-11-04 17:28:06,375  [INFO]  开始下载https://la2.killcovid2021.com/m3u8/722607/722607.m3u8...
2022-11-04 17:28:06,376  [INFO]  该视频解析出23个ts文件
2022-11-04 17:28:06,377  [INFO]  本次还需要下载0个ts文件，开始批量下载....
2022-11-04 17:28:07,082  [INFO]  开始下载https://la2.killcovid2021.com/m3u8/722785/722785.m3u8...
2022-11-04 17:28:07,082  [INFO]  该视频解析出289个ts文件
2022-11-04 17:28:07,084  [INFO]  本次还需要下载0个ts文件，开始批量下载....
2022-11-04 17:28:07,685  [INFO]  开始下载https://la2.killcovid2021.com/m3u8/723102/723102.m3u8...
2022-11-04 17:28:07,686  [INFO]  该视频解析出170个ts文件
2022-11-04 17:28:07,687  [INFO]  本次还需要下载0个ts文件，开始批量下载....
2022-11-04 17:28:08,278  [INFO]  开始下载https://la2.killcovid2021.com/m3u8/722974/722974.m3u8...
2022-11-04 17:28:08,280  [INFO]  该视频解析出83个ts文件
2022-11-04 17:28:08,281  [INFO]  本次还需要下载0个ts文件，开始批量下载....
2022-11-04 17:28:08,849  [INFO]  开始下载https://la2.killcovid2021.com/m3u8/723046/723046.m3u8...
2022-11-04 17:28:08,849  [INFO]  该视频解析出49个ts文件
2022-11-04 17:28:08,851  [INFO]  本次还需要下载0个ts文件，开始批量下载....
2022-11-04 17:28:09,448  [INFO]  开始下载https://la2.killcovid2021.com/m3u8/722776/722776.m3u8...
2022-11-04 17:28:09,449  [INFO]  该视频解析出66个ts文件
2022-11-04 17:28:09,450  [INFO]  本次还需要下载0个ts文件，开始批量下载....
2022-11-04 17:28:10,104  [INFO]  开始下载https://la2.killcovid2021.com/m3u8/723011/723011.m3u8...
2022-11-04 17:28:10,104  [INFO]  该视频解析出43个ts文件
2022-11-04 17:28:10,106  [INFO]  本次还需要下载0个ts文件，开始批量下载....
2022-11-04 17:28:10,782  [INFO]  开始下载https://la2.killcovid2021.com/m3u8/723118/723118.m3u8...
2022-11-04 17:28:10,783  [INFO]  该视频解析出37个ts文件
2022-11-04 17:28:10,784  [INFO]  本次还需要下载0个ts文件，开始批量下载....
2022-11-04 17:28:11,410  [INFO]  开始下载https://la2.killcovid2021.com/m3u8/722826/722826.m3u8...
2022-11-04 17:28:11,411  [INFO]  该视频解析出70个ts文件
2022-11-04 17:28:11,412  [INFO]  本次还需要下载0个ts文件，开始批量下载....
2022-11-04 17:28:11,976  [INFO]  开始下载https://la2.killcovid2021.com/m3u8/722905/722905.m3u8...
2022-11-04 17:28:11,976  [INFO]  该视频解析出74个ts文件
2022-11-04 17:28:11,977  [INFO]  本次还需要下载0个ts文件，开始批量下载....
2022-11-04 17:28:12,562  [INFO]  开始下载https://la2.killcovid2021.com/m3u8/723038/723038.m3u8...
2022-11-04 17:28:12,563  [INFO]  该视频解析出32个ts文件
2022-11-04 17:28:12,564  [INFO]  本次还需要下载0个ts文件，开始批量下载....
2022-11-04 17:28:13,623  [INFO]  开始下载https://la2.killcovid2021.com/m3u8/722605/722605.m3u8...
2022-11-04 17:28:13,624  [INFO]  该视频解析出256个ts文件
2022-11-04 17:28:13,626  [INFO]  本次还需要下载0个ts文件，开始批量下载....
2022-11-04 17:28:14,480  [INFO]  开始下载https://la2.killcovid2021.com/m3u8/722932/722932.m3u8...
2022-11-04 17:28:14,481  [INFO]  该视频解析出40个ts文件
2022-11-04 17:28:14,482  [INFO]  本次还需要下载0个ts文件，开始批量下载....
2022-11-04 17:28:15,174  [INFO]  开始下载https://la2.killcovid2021.com/m3u8/722664/722664.m3u8...
2022-11-04 17:28:15,174  [INFO]  该视频解析出177个ts文件
2022-11-04 17:28:15,176  [INFO]  本次还需要下载0个ts文件，开始批量下载....
2022-11-04 17:28:15,799  [INFO]  开始下载https://la2.killcovid2021.com/m3u8/722948/722948.m3u8...
2022-11-04 17:28:15,799  [INFO]  该视频解析出330个ts文件
2022-11-04 17:28:15,801  [INFO]  本次还需要下载0个ts文件，开始批量下载....
2022-11-04 17:28:16,425  [INFO]  开始下载https://la2.killcovid2021.com/m3u8/722667/722667.m3u8...
2022-11-04 17:28:16,426  [INFO]  该视频解析出43个ts文件
2022-11-04 17:28:16,426  [INFO]  本次还需要下载0个ts文件，开始批量下载....
2022-11-04 17:28:17,039  [INFO]  开始下载https://la2.killcovid2021.com/m3u8/722654/722654.m3u8...
2022-11-04 17:28:17,039  [INFO]  该视频解析出59个ts文件
2022-11-04 17:28:17,040  [INFO]  本次还需要下载0个ts文件，开始批量下载....
2022-11-04 17:28:17,786  [INFO]  开始下载https://la2.killcovid2021.com/m3u8/722890/722890.m3u8...
2022-11-04 17:28:17,787  [INFO]  该视频解析出17个ts文件
2022-11-04 17:28:17,787  [INFO]  本次还需要下载0个ts文件，开始批量下载....
2022-11-04 17:28:18,503  [INFO]  开始下载https://la2.killcovid2021.com/m3u8/723068/723068.m3u8...
2022-11-04 17:28:18,503  [INFO]  该视频解析出93个ts文件
2022-11-04 17:28:18,504  [INFO]  本次还需要下载0个ts文件，开始批量下载....
2022-11-04 17:28:19,156  [INFO]  开始下载https://la2.killcovid2021.com/m3u8/722832/722832.m3u8...
2022-11-04 17:28:19,156  [INFO]  该视频解析出38个ts文件
2022-11-04 17:28:19,156  [INFO]  本次还需要下载0个ts文件，开始批量下载....
2022-11-04 17:28:19,789  [INFO]  开始下载https://la2.killcovid2021.com/m3u8/723094/723094.m3u8...
2022-11-04 17:28:19,789  [INFO]  该视频解析出45个ts文件
2022-11-04 17:28:19,790  [INFO]  本次还需要下载0个ts文件，开始批量下载....
2022-11-04 17:28:20,527  [INFO]  开始下载https://la2.killcovid2021.com/m3u8/722990/722990.m3u8...
2022-11-04 17:28:20,527  [INFO]  该视频解析出40个ts文件
2022-11-04 17:28:20,528  [INFO]  本次还需要下载0个ts文件，开始批量下载....
2022-11-04 17:28:21,152  [INFO]  开始下载https://la2.killcovid2021.com/m3u8/722987/722987.m3u8...
2022-11-04 17:28:21,152  [INFO]  该视频解析出48个ts文件
2022-11-04 17:28:21,152  [INFO]  本次还需要下载0个ts文件，开始批量下载....
